<?xml version="1.0" encoding="UTF-8"?>
<!-- Generated by org.testng.reporters.JUnitReportReporter -->
<testsuite skipped="0" hostname="Personal-PC" name="Bank_Project.LoginTest" tests="3" failures="0" timestamp="19 Jun 2018 08:04:49 GMT" time="6.135" errors="0">
  <testcase name="LoginPage" time="3.891" classname="Bank_Project.LoginTest"/>
  <testcase name="Login" time="1.438" classname="Bank_Project.LoginTest"/>
  <testcase name="verifyHomepageTitle" time="0.806" classname="Bank_Project.LoginTest"/>
</testsuite> <!-- Bank_Project.LoginTest -->
